PRISM
=====

Version: 4.8
Date: Mon May 06 17:27:45 GMT 2024
Hostname: 7c8bff646676
Memory limits: cudd=1g, java(heap)=1g
Command line: prism around_the_storm.pm around_the_storm.specs

Parsing model file "around_the_storm.pm"...

Type:        MDP
Modules:     turner storm
Variables:   a p

Parsing properties file "around_the_storm.specs"...

4 properties:
(1) Pmax=? [ G (F (a=5)) ]
(2) Pmax=? [ G ((F (a=5))&!(a=4&p=1)) ]
(3) Pmax=? [ G ((F (a=5))&!(a=4&p=1)&(X a=6=>p=1)) ]
(4) Pmax=? [ F (a=4&p=1) ]

---------------------------------------------------------------------

Model checking: Pmax=? [ G (F (a=5)) ]

Building model...

Computing reachable states...

Reachability (BFS): 6 iterations in 0.00 seconds (average 0.000000, setup 0.00)

Time for model construction: 0.013 seconds.

Type:        MDP
States:      16 (1 initial)
Transitions: 68
Choices:     18

Transition matrix: 56 nodes (10 terminal), 68 minterms, vars: 4r/4c/2nd

Building deterministic automaton (for G (F "L0"))...
DRA has 4 states, 1 Rabin pairs.
Time for deterministic automaton translation: 0.029 seconds.

Constructing MDP-DRA product...

Reachability (BFS): 6 iterations in 0.00 seconds (average 0.000000, setup 0.00)
Time for product construction: 0.001 seconds.

States:      18 (1 initial)
Transitions: 72
Choices:     20

Transition matrix: 72 nodes (10 terminal), 72 minterms, vars: 6r/6c/2nd

Finding accepting end components...

Computing reachability probabilities...

Prob0A: 6 iterations in 0.00 seconds (average 0.000000, setup 0.00)

Prob1E: 7 iterations in 0.00 seconds (average 0.000000, setup 0.00)

yes = 18, no = 0, maybe = 0

Value in the initial state: 1.0

Time for model checking: 0.038 seconds.

Result: 1.0

---------------------------------------------------------------------

Model checking: Pmax=? [ G ((F (a=5))&!(a=4&p=1)) ]

Building deterministic automaton (for G ((F "L0")&"L1"))...
DRA has 5 states, 1 Rabin pairs.
Time for deterministic automaton translation: 0.001 seconds.

Constructing MDP-DRA product...

Reachability (BFS): 6 iterations in 0.00 seconds (average 0.000167, setup 0.00)
Time for product construction: 0.0 seconds.

States:      21 (1 initial)
Transitions: 80
Choices:     23

Transition matrix: 131 nodes (10 terminal), 80 minterms, vars: 7r/7c/2nd

Finding accepting end components...

Computing reachability probabilities...

Prob0A: 6 iterations in 0.00 seconds (average 0.000000, setup 0.00)

Prob1E: 12 iterations in 0.00 seconds (average 0.000000, setup 0.00)

yes = 10, no = 4, maybe = 7

Computing remaining probabilities...
Engine: Hybrid

Building hybrid MTBDD matrices... [nm=2, levels=7, nodes=97] [4.5 KB]
Adding sparse bits... [levels=7-7, num=2, compact=2/2] [0.2 KB]
Creating vector for yes... [dist=2, compact] [0.1 KB]
Allocating iteration vectors... [3 x 0.2 KB]
TOTAL: [5.3 KB]

Starting iterations...

Iterative method: 12 iterations in 0.00 seconds (average 0.000000, setup 0.00)

Value in the initial state: 0.9726029506462466

Time for model checking: 0.004 seconds.

Result: 0.9726029506462466

---------------------------------------------------------------------

Model checking: Pmax=? [ G ((F (a=5))&!(a=4&p=1)&(X a=6=>p=1)) ]

Building deterministic automaton (for G ((F "L0")&"L1"&(X "L2")))...
DRA has 6 states, 1 Rabin pairs.
Time for deterministic automaton translation: 0.002 seconds.

Constructing MDP-DRA product...

Reachability (BFS): 6 iterations in 0.00 seconds (average 0.000167, setup 0.00)
Time for product construction: 0.001 seconds.

States:      26 (1 initial)
Transitions: 100
Choices:     28

Transition matrix: 155 nodes (10 terminal), 100 minterms, vars: 7r/7c/2nd

Finding accepting end components...

Computing reachability probabilities...

Prob0A: 6 iterations in 0.00 seconds (average 0.000000, setup 0.00)

Prob1E: 10 iterations in 0.00 seconds (average 0.000000, setup 0.00)

yes = 8, no = 10, maybe = 8

Computing remaining probabilities...
Engine: Hybrid

Building hybrid MTBDD matrices... [nm=2, levels=7, nodes=121] [5.7 KB]
Adding sparse bits... [levels=7-7, num=2, compact=2/2] [0.3 KB]
Creating vector for yes... [dist=2, compact] [0.1 KB]
Allocating iteration vectors... [3 x 0.2 KB]
TOTAL: [6.6 KB]

Starting iterations...

Iterative method: 14 iterations in 0.00 seconds (average 0.000000, setup 0.00)

Value in the initial state: 0.8674681337547496

Time for model checking: 0.004 seconds.

Result: 0.8674681337547496

---------------------------------------------------------------------

Model checking: Pmax=? [ F (a=4&p=1) ]

Prob0A: 4 iterations in 0.00 seconds (average 0.000000, setup 0.00)

Prob1E: 9 iterations in 0.00 seconds (average 0.000000, setup 0.00)

yes = 1, no = 8, maybe = 7

Computing remaining probabilities...
Engine: Hybrid

Building hybrid MTBDD matrices... [nm=2, levels=4, nodes=49] [2.3 KB]
Adding sparse bits... [levels=4-4, num=2, compact=2/2] [0.2 KB]
Creating vector for yes... [dist=2, compact] [0.0 KB]
Allocating iteration vectors... [3 x 0.1 KB]
TOTAL: [2.9 KB]

Starting iterations...

Iterative method: 13 iterations in 0.00 seconds (average 0.000000, setup 0.00)

Value in the initial state: 0.2819704755353184

Time for model checking: 0.0 seconds.

Result: 0.2819704755353184 (+/- 1.4548699602116199E-6 estimated; rel err 5.159653532695444E-6)

