PRISM
=====

Version: 4.8
Date: Sun Apr 28 18:25:29 GMT 2024
Hostname: 687f8c002019
Memory limits: cudd=1g, java(heap)=1g
Command line: prism restricted.pm through_the_storm.specs

Parsing model file "restricted.pm"...

Type:        MDP
Modules:     aircraft storm04 storm03 storm13 storm12 storm22 storm21 storm31 storm30 storm40
Variables:   x y heading present04 present03 present13 present12 present22 present21 present31 present30 present40

Parsing properties file "through_the_storm.specs"...

3 properties:
(1) Pmax=? [ G (F (reach_goal)) ]
(2) Pmax=? [ G (F (reach_goal))&!(F (damage)) ]
(3) Pmax=? [ G (F (reach_goal))&!(damage&(X damage)) ]

---------------------------------------------------------------------

Model checking: Pmax=? [ G (F (reach_goal)) ]

Building model...

Computing reachable states...

Reachability (BFS): 11 iterations in 0.00 seconds (average 0.000000, setup 0.00)

Time for model construction: 0.017 seconds.

Type:        MDP
States:      25600 (1 initial)
Transitions: 47185920
Choices:     46080

Transition matrix: 443 nodes (21 terminal), 47185920 minterms, vars: 16r/16c/3nd

Building deterministic automaton (for G (F "L0"))...
DRA has 4 states, 1 Rabin pairs.
Time for deterministic automaton translation: 0.031 seconds.

Constructing MDP-DRA product...

Reachability (BFS): 11 iterations in 0.00 seconds (average 0.000091, setup 0.00)
Time for product construction: 0.002 seconds.

States:      26624 (1 initial)
Transitions: 48234496
Choices:     47104

Transition matrix: 513 nodes (21 terminal), 48234496 minterms, vars: 18r/18c/3nd

Finding accepting end components...

Computing reachability probabilities...

Prob0A: 11 iterations in 0.00 seconds (average 0.000091, setup 0.00)

Prob1E: 12 iterations in 0.00 seconds (average 0.000000, setup 0.00)

yes = 26624, no = 0, maybe = 0

Value in the initial state: 1.0

Time for model checking: 0.046 seconds.

Result: 1.0

---------------------------------------------------------------------

Model checking: Pmax=? [ G (F (reach_goal))&!(F (damage)) ]

Building deterministic automaton (for G (F "L0")&!(F "L1"))...
DRA has 5 states, 1 Rabin pairs.
Time for deterministic automaton translation: 0.001 seconds.

Constructing MDP-DRA product...

Reachability (BFS): 11 iterations in 0.00 seconds (average 0.000091, setup 0.00)
Time for product construction: 0.004 seconds.

States:      41984 (1 initial)
Transitions: 74973184
Choices:     73216

Transition matrix: 5055 nodes (21 terminal), 74973184 minterms, vars: 19r/19c/3nd

Finding accepting end components...

Computing reachability probabilities...

Prob0A: 11 iterations in 0.00 seconds (average 0.000091, setup 0.00)

Prob1E: 16 iterations in 0.00 seconds (average 0.000063, setup 0.00)

yes = 12288, no = 19456, maybe = 10240

Computing remaining probabilities...
Engine: Hybrid

Building hybrid MTBDD matrices... [nm=3, levels=19, nodes=6744] [316.1 KB]
Adding sparse bits... [levels=6-6, num=308, compact=3/3] [1.9 MB]
Creating vector for yes... [dist=2, compact] [82.0 KB]
Allocating iteration vectors... [3 x 328.0 KB]
TOTAL: [3.3 MB]

Starting iterations...

Iterative method: 58 iterations in 1.36 seconds (average 0.023328, setup 0.01)

Value in the initial state: 0.6548276860982006

Time for model checking: 1.381 seconds.

Result: 0.6548276860982006

---------------------------------------------------------------------

Model checking: Pmax=? [ G (F (reach_goal))&!(damage&(X damage)) ]

Building deterministic automaton (for G (F "L0")&!("L1"&(X "L1")))...
DRA has 9 states, 1 Rabin pairs.
Time for deterministic automaton translation: 0.003 seconds.

Constructing MDP-DRA product...

Reachability (BFS): 11 iterations in 0.00 seconds (average 0.000091, setup 0.00)
Time for product construction: 0.004 seconds.

States:      46080 (1 initial)
Transitions: 82837504
Choices:     80896

Transition matrix: 8534 nodes (21 terminal), 82837504 minterms, vars: 20r/20c/3nd

Finding accepting end components...

Computing reachability probabilities...

Prob0A: 11 iterations in 0.00 seconds (average 0.000091, setup 0.00)

Prob1E: 28 iterations in 0.00 seconds (average 0.000071, setup 0.00)

yes = 12288, no = 19456, maybe = 14336

Computing remaining probabilities...
Engine: Hybrid

Building hybrid MTBDD matrices... [nm=3, levels=20, nodes=11384] [533.6 KB]
Adding sparse bits... [levels=5-6, num=533, compact=3/3] [2.1 MB]
Creating vector for yes... [dist=2, compact] [90.0 KB]
Allocating iteration vectors... [3 x 360.0 KB]
TOTAL: [3.8 MB]

Starting iterations...

Iterative method: 38 iterations in 1.29 seconds (average 0.033684, setup 0.01)

Value in the initial state: 0.9377374916377549

Time for model checking: 1.31 seconds.

Result: 0.9377374916377549

